app/build/intermediates/manifest_merge_blame_file/debug/manifest-merger-blame-debug-report.txt
1<?xml version="1.0" encoding="utf-8"?>
2<manifest xmlns:android="http://schemas.android.com/apk/res/android"
3    package="com.sagarkhurana.quizforfun"
4    android:versionCode="1"
5    android:versionName="1.0" >
6
7    <uses-sdk
8        android:minSdkVersion="21"
8-->src\main\AndroidManifest.xml
9        android:targetSdkVersion="30" />
9-->src\main\AndroidManifest.xml
10
11    <application
11-->src\main\AndroidManifest.xml:5:5-34:19
12        android:allowBackup="true"
12-->src\main\AndroidManifest.xml:6:9-35
13        android:appComponentFactory="androidx.core.app.CoreComponentFactory"
13-->[androidx.core:core:1.3.1] AndroidManifest.xml:24:18-86
14        android:debuggable="true"
15        android:icon="@mipmap/logos"
15-->src\main\AndroidManifest.xml:7:9-37
16        android:label="@string/app_name"
16-->src\main\AndroidManifest.xml:8:9-41
17        android:roundIcon="@mipmap/logos"
17-->src\main\AndroidManifest.xml:9:9-42
18        android:supportsRtl="true"
18-->src\main\AndroidManifest.xml:10:9-35
19        android:testOnly="true"
20        android:theme="@style/Theme.QuizForFun" >
20-->src\main\AndroidManifest.xml:11:9-48
21        <activity android:name="com.sagarkhurana.quizforfun.GeographyOrLiteratureQuizActivity" />
21-->src\main\AndroidManifest.xml:12:9-80
21-->src\main\AndroidManifest.xml:12:19-68
22        <activity android:name="com.sagarkhurana.quizforfun.FinalResultActivity" />
22-->src\main\AndroidManifest.xml:13:9-57
22-->src\main\AndroidManifest.xml:13:19-54
23        <activity android:name="com.sagarkhurana.quizforfun.MathQuizActivity" />
23-->src\main\AndroidManifest.xml:14:9-54
23-->src\main\AndroidManifest.xml:14:19-51
24        <activity android:name="com.sagarkhurana.quizforfun.EditPasswordActivity" />
24-->src\main\AndroidManifest.xml:15:9-58
24-->src\main\AndroidManifest.xml:15:19-55
25        <activity android:name="com.sagarkhurana.quizforfun.HistoryActivity" />
25-->src\main\AndroidManifest.xml:16:9-53
25-->src\main\AndroidManifest.xml:16:19-50
26        <activity android:name="com.sagarkhurana.quizforfun.RuleActivity" />
26-->src\main\AndroidManifest.xml:17:9-50
26-->src\main\AndroidManifest.xml:17:19-47
27        <activity android:name="com.sagarkhurana.quizforfun.QuizOptionActivity" />
27-->src\main\AndroidManifest.xml:18:9-56
27-->src\main\AndroidManifest.xml:18:19-53
28        <activity android:name="com.sagarkhurana.quizforfun.RegisterActivity" />
28-->src\main\AndroidManifest.xml:19:9-54
28-->src\main\AndroidManifest.xml:19:19-51
29        <activity
29-->src\main\AndroidManifest.xml:20:9-28:20
30            android:name="com.sagarkhurana.quizforfun.LoginActivity"
30-->src\main\AndroidManifest.xml:21:13-42
31            android:theme="@style/splashScreenTheme" >
31-->src\main\AndroidManifest.xml:22:13-53
32            <intent-filter>
32-->src\main\AndroidManifest.xml:23:13-27:29
33                <action android:name="android.intent.action.MAIN" />
33-->src\main\AndroidManifest.xml:24:17-69
33-->src\main\AndroidManifest.xml:24:25-66
34
35                <category android:name="android.intent.category.LAUNCHER" />
35-->src\main\AndroidManifest.xml:26:17-77
35-->src\main\AndroidManifest.xml:26:27-74
36            </intent-filter>
37        </activity>
38        <activity android:name="com.sagarkhurana.quizforfun.MainActivity" />
38-->src\main\AndroidManifest.xml:29:9-50
38-->src\main\AndroidManifest.xml:29:19-47
39
40        <meta-data
40-->src\main\AndroidManifest.xml:31:9-33:57
41            android:name="preloaded_fonts"
41-->src\main\AndroidManifest.xml:32:13-43
42            android:resource="@array/preloaded_fonts" />
42-->src\main\AndroidManifest.xml:33:13-54
43
44        <service
44-->[androidx.room:room-runtime:2.2.5] AndroidManifest.xml:25:9-28:40
45            android:name="androidx.room.MultiInstanceInvalidationService"
45-->[androidx.room:room-runtime:2.2.5] AndroidManifest.xml:26:13-74
46            android:directBootAware="true"
46-->[androidx.room:room-runtime:2.2.5] AndroidManifest.xml:27:13-43
47            android:exported="false" />
47-->[androidx.room:room-runtime:2.2.5] AndroidManifest.xml:28:13-37
48    </application>
49
50</manifest>